<?xml version="1.0" encoding="UTF-8"?>
<testng-results ignored="0" total="1" passed="1" failed="0" skipped="0">
  <reporter-output>
  </reporter-output>
  <suite started-at="2021-11-11T16:52:53 IST" name="Default suite" finished-at="2021-11-11T16:52:53 IST" duration-ms="161">
    <groups>
    </groups>
    <test started-at="2021-11-11T16:52:53 IST" name="Default test" finished-at="2021-11-11T16:52:53 IST" duration-ms="161">
      <class name="com.crm.Autodesk.SDET.PracticeTest">
        <test-method signature="practiceTest()[pri:0, instance:com.crm.Autodesk.SDET.PracticeTest@229d10bd]" started-at="2021-11-11T16:52:53 IST" name="practiceTest" finished-at="2021-11-11T16:52:53 IST" duration-ms="63" status="PASS">
          <reporter-output>
          </reporter-output>
        </test-method> <!-- practiceTest -->
      </class> <!-- com.crm.Autodesk.SDET.PracticeTest -->
    </test> <!-- Default test -->
  </suite> <!-- Default suite -->
</testng-results>
